<?xml version="1.0" encoding="UTF-8"?>
<!-- Generated by org.testng.reporters.JUnitReportReporter -->
<testsuite hostname="CHINNU-PC" failures="0" tests="2" name="testcases.FirstTest" time="0.018" errors="0" timestamp="2021-09-27T19:08:08 IST" skipped="0">
  <testcase classname="testcases.FirstTest" name="k" time="0.002"/>
  <system-out/>
  <testcase classname="testcases.FirstTest" name="g" time="0.016"/>
  <system-out/>
</testsuite> <!-- testcases.FirstTest -->
